TN:
SF:src\modules\appointments\services\CreateAppointmentService.ts
FN:45,__decorate
FN:45,__metadata
FN:45,__param
FN:45,__awaiter
FN:45,adopt
FN:45,fulfilled
FN:45,rejected
FN:45,step
FN:45,__generator
FN:45,sent
FN:45,g.<computed>
FN:45,verb
FN:45,step
FN:45,__importDefault
FN:16,CreateAppointmentService
FN:21,CreateAppointmentService.execute
FNF:16
FNH:14
FNDA:1,__decorate
FNDA:1,__metadata
FNDA:1,__param
FNDA:4,__awaiter
FNDA:6,adopt
FNDA:6,fulfilled
FNDA:0,rejected
FNDA:8,step
FNDA:4,__generator
FNDA:6,sent
FNDA:0,g.<computed>
FNDA:12,verb
FNDA:10,step
FNDA:1,__importDefault
FNDA:3,CreateAppointmentService
FNDA:4,CreateAppointmentService.execute
DA:1,1
DA:2,1
DA:3,1
DA:4,1
DA:5,1
DA:6,1
DA:7,1
DA:8,1
DA:9,1
DA:10,1
DA:11,1
DA:12,1
DA:13,1
DA:14,1
DA:15,1
DA:16,1
DA:17,3
DA:18,3
DA:19,3
DA:20,1
DA:21,1
DA:22,4
DA:23,4
DA:24,4
DA:25,4
DA:26,4
DA:27,4
DA:28,4
DA:29,1
DA:30,1
DA:31,3
DA:32,4
DA:33,1
DA:34,1
DA:35,2
DA:36,2
DA:37,2
DA:38,2
DA:39,2
DA:40,4
DA:41,4
DA:42,4
DA:43,1
DA:44,1
DA:45,1
LF:45
LH:45
BRDA:45,0,0,1
BRDA:45,1,0,1
BRDA:45,2,0,0
BRDA:45,3,0,0
BRDA:45,4,0,0
BRDA:45,5,0,0
BRDA:45,6,0,1
BRDA:45,7,0,1
BRDA:45,8,0,1
BRDA:45,9,0,4
BRDA:45,10,0,6
BRDA:45,11,0,0
BRDA:45,12,0,4
BRDA:45,13,0,6
BRDA:45,14,0,4
BRDA:45,15,0,2
BRDA:45,16,0,8
BRDA:45,17,0,2
BRDA:45,18,0,6
BRDA:45,19,0,4
BRDA:45,20,0,6
BRDA:45,21,0,0
BRDA:45,22,0,12
BRDA:45,23,0,10
BRDA:45,24,0,10
BRDA:45,25,0,0
BRDA:45,26,0,20
BRDA:45,27,0,0
BRDA:45,28,0,0
BRDA:45,29,0,0
BRDA:45,30,0,0
BRDA:45,31,0,10
BRDA:45,32,0,10
BRDA:45,33,0,6
BRDA:45,34,0,0
BRDA:45,35,0,0
BRDA:45,36,0,4
BRDA:45,37,0,0
BRDA:45,38,0,2
BRDA:45,39,0,0
BRDA:45,40,0,0
BRDA:45,41,0,0
BRDA:45,42,0,0
BRDA:45,43,0,10
BRDA:45,44,0,8
BRDA:45,45,0,2
BRDA:45,46,0,10
BRDA:45,47,0,4
BRDA:45,48,0,2
BRDA:45,49,0,0
BRDA:45,50,0,1
BRDA:45,51,0,0
BRDA:15,52,0,1
BRDA:16,53,0,3
BRDA:21,54,0,4
BRDA:45,55,0,4
BRDA:45,56,0,10
BRDA:45,57,0,4
BRDA:45,58,0,4
BRDA:28,59,0,1
BRDA:30,60,0,3
BRDA:32,61,0,1
BRDA:34,62,0,2
BRDA:45,63,0,2
BRF:64
BRH:44
end_of_record
TN:
SF:src\modules\users\services\AuthenticateUserService.ts
FN:58,__decorate
FN:58,__metadata
FN:58,__param
FN:58,__awaiter
FN:58,adopt
FN:58,fulfilled
FN:58,rejected
FN:58,step
FN:58,__generator
FN:58,sent
FN:58,g.<computed>
FN:58,verb
FN:58,step
FN:58,__importDefault
FN:23,CreateSessionService
FN:31,CreateSessionService.execute
FNF:16
FNH:14
FNDA:1,__decorate
FNDA:1,__metadata
FNDA:2,__param
FNDA:1,__awaiter
FNDA:2,adopt
FNDA:2,fulfilled
FNDA:0,rejected
FNDA:3,step
FNDA:1,__generator
FNDA:2,sent
FNDA:0,g.<computed>
FNDA:3,verb
FNDA:3,step
FNDA:2,__importDefault
FNDA:1,CreateSessionService
FNDA:1,CreateSessionService.execute
DA:1,1
DA:2,1
DA:3,1
DA:4,1
DA:5,1
DA:6,1
DA:7,1
DA:8,1
DA:9,1
DA:10,1
DA:11,1
DA:12,1
DA:13,1
DA:14,1
DA:15,1
DA:16,1
DA:17,1
DA:18,1
DA:19,1
DA:20,1
DA:21,1
DA:22,1
DA:23,1
DA:24,1
DA:25,1
DA:26,1
DA:27,1
DA:28,1
DA:29,1
DA:30,1
DA:31,1
DA:32,1
DA:33,1
DA:34,1
DA:35,0
DA:36,0
DA:37,1
DA:38,1
DA:39,1
DA:40,1
DA:41,1
DA:42,1
DA:43,1
DA:44,0
DA:45,0
DA:46,1
DA:47,1
DA:48,1
DA:49,1
DA:50,1
DA:51,1
DA:52,1
DA:53,1
DA:54,1
DA:55,1
DA:56,1
DA:57,1
DA:58,1
LF:58
LH:54
BRDA:58,0,0,1
BRDA:58,1,0,1
BRDA:58,2,0,0
BRDA:58,3,0,0
BRDA:58,4,0,0
BRDA:58,5,0,0
BRDA:58,6,0,1
BRDA:58,7,0,2
BRDA:58,8,0,2
BRDA:58,9,0,1
BRDA:58,10,0,2
BRDA:58,11,0,0
BRDA:58,12,0,1
BRDA:58,13,0,2
BRDA:58,14,0,0
BRDA:58,15,0,3
BRDA:58,16,0,1
BRDA:58,17,0,2
BRDA:58,18,0,1
BRDA:58,19,0,2
BRDA:58,20,0,0
BRDA:58,21,0,3
BRDA:58,22,0,3
BRDA:58,23,0,3
BRDA:58,24,0,0
BRDA:58,25,0,6
BRDA:58,26,0,0
BRDA:58,27,0,0
BRDA:58,28,0,0
BRDA:58,29,0,0
BRDA:58,30,0,3
BRDA:58,31,0,3
BRDA:58,32,0,2
BRDA:58,33,0,0
BRDA:58,34,0,0
BRDA:58,35,0,1
BRDA:58,36,0,0
BRDA:58,37,0,0
BRDA:58,38,0,0
BRDA:58,39,0,0
BRDA:58,40,0,0
BRDA:58,41,0,3
BRDA:58,42,0,0
BRDA:58,43,0,3
BRDA:58,44,0,1
BRDA:58,45,0,0
BRDA:58,46,0,1
BRDA:58,47,0,0
BRDA:58,48,0,2
BRDA:58,49,0,0
BRDA:22,50,0,1
BRDA:23,51,0,1
BRDA:31,52,0,1
BRDA:58,53,0,1
BRDA:58,54,0,3
BRDA:32,55,0,1
BRDA:58,56,0,1
BRDA:34,57,0,0
BRDA:58,58,0,1
BRDA:43,59,0,0
BRF:60
BRH:35
end_of_record
TN:
SF:src\modules\users\services\CreateUserService.ts
FN:44,__decorate
FN:44,__metadata
FN:44,__param
FN:44,__awaiter
FN:44,adopt
FN:44,fulfilled
FN:44,rejected
FN:44,step
FN:44,__generator
FN:44,sent
FN:44,g.<computed>
FN:44,verb
FN:44,step
FN:44,__importDefault
FN:18,CreateUserService
FN:26,CreateUserService.execute
FNF:16
FNH:14
FNDA:2,__decorate
FNDA:2,__metadata
FNDA:4,__param
FNDA:4,__awaiter
FNDA:10,adopt
FNDA:10,fulfilled
FNDA:0,rejected
FNDA:13,step
FNDA:4,__generator
FNDA:10,sent
FNDA:0,g.<computed>
FNDA:12,verb
FNDA:14,step
FNDA:2,__importDefault
FNDA:3,CreateUserService
FNDA:4,CreateUserService.execute
DA:1,1
DA:2,1
DA:3,1
DA:4,1
DA:5,1
DA:6,1
DA:7,1
DA:8,1
DA:9,1
DA:10,1
DA:11,1
DA:12,1
DA:13,1
DA:14,1
DA:15,1
DA:16,1
DA:17,2
DA:18,2
DA:19,3
DA:20,3
DA:21,3
DA:22,3
DA:23,3
DA:24,3
DA:25,2
DA:26,2
DA:27,4
DA:28,4
DA:29,4
DA:30,1
DA:31,1
DA:32,3
DA:33,3
DA:34,4
DA:35,4
DA:36,4
DA:37,4
DA:38,4
DA:39,4
DA:40,4
DA:41,4
DA:42,2
DA:43,1
DA:44,1
LF:44
LH:44
BRDA:44,0,0,2
BRDA:44,1,0,2
BRDA:44,2,0,0
BRDA:44,3,0,0
BRDA:44,4,0,0
BRDA:44,5,0,0
BRDA:44,6,0,2
BRDA:44,7,0,4
BRDA:44,8,0,4
BRDA:44,9,0,4
BRDA:44,10,0,10
BRDA:44,11,0,0
BRDA:44,12,0,4
BRDA:44,13,0,10
BRDA:44,14,0,9
BRDA:44,15,0,1
BRDA:44,16,0,13
BRDA:44,17,0,3
BRDA:44,18,0,10
BRDA:44,19,0,4
BRDA:44,20,0,10
BRDA:44,21,0,0
BRDA:44,22,0,12
BRDA:44,23,0,14
BRDA:44,24,0,14
BRDA:44,25,0,0
BRDA:44,26,0,28
BRDA:44,27,0,0
BRDA:44,28,0,0
BRDA:44,29,0,0
BRDA:44,30,0,0
BRDA:44,31,0,14
BRDA:44,32,0,14
BRDA:44,33,0,10
BRDA:44,34,0,0
BRDA:44,35,0,0
BRDA:44,36,0,4
BRDA:44,37,0,0
BRDA:44,38,0,3
BRDA:44,39,0,0
BRDA:44,40,0,0
BRDA:44,41,0,0
BRDA:44,42,0,0
BRDA:44,43,0,24
BRDA:44,44,0,14
BRDA:44,45,0,13
BRDA:44,46,0,1
BRDA:44,47,0,14
BRDA:44,48,0,4
BRDA:44,49,0,1
BRDA:44,50,0,3
BRDA:44,51,0,0
BRDA:44,52,0,2
BRDA:44,53,0,0
BRDA:17,54,0,2
BRDA:18,55,0,3
BRDA:26,56,0,4
BRDA:44,57,0,4
BRDA:44,58,0,14
BRDA:27,59,0,4
BRDA:44,60,0,4
BRDA:29,61,0,1
BRDA:31,62,0,3
BRDA:44,63,0,3
BRDA:44,64,0,3
BRF:65
BRH:45
end_of_record
TN:
SF:src\modules\users\services\UpdateUserAvatarService.ts
FN:1,(empty-report)
FNF:1
FNH:0
FNDA:0,(empty-report)
DA:1,0
DA:2,0
DA:3,0
DA:4,0
DA:5,0
DA:6,0
DA:7,0
DA:8,0
DA:9,0
DA:10,0
DA:11,0
DA:12,0
DA:13,0
DA:14,0
DA:15,0
DA:16,0
DA:17,0
DA:18,0
DA:19,0
DA:20,0
DA:21,0
DA:22,0
DA:23,0
DA:24,0
DA:25,0
DA:26,0
DA:27,0
DA:28,0
DA:29,0
DA:30,0
DA:31,0
DA:32,0
DA:33,0
DA:34,0
DA:35,0
DA:36,0
DA:37,0
DA:38,0
DA:39,0
DA:40,0
DA:41,0
DA:42,0
DA:43,0
DA:44,0
DA:45,0
DA:46,0
DA:47,0
LF:47
LH:0
BRDA:1,0,0,0
BRF:1
BRH:0
end_of_record
